<?xml version="1.0" encoding="UTF-8"?>
<testsuite name="JunitTests" tests="2" skipped="0" failures="0" errors="0" timestamp="2018-09-16T19:37:09" hostname="Pats-MacBook-Pro-167.local" time="0.005">
  <properties/>
  <testcase name="test" classname="JunitTests" time="0.004"/>
  <testcase name="test2" classname="JunitTests" time="0.0"/>
  <system-out><![CDATA[JunitTests test.
Test2 with an assertion.
]]></system-out>
  <system-err><![CDATA[]]></system-err>
</testsuite>
